Started GET "/" for 127.0.0.1 at 2018-08-20 12:00:49 +0700
Processing by Rails::WelcomeController#index as HTML
  Rendering C:/Ruby24-x64/lib/ruby/gems/2.4.0/gems/railties-5.1.6/lib/rails/templates/rails/welcome/index.html.erb
  Rendered C:/Ruby24-x64/lib/ruby/gems/2.4.0/gems/railties-5.1.6/lib/rails/templates/rails/welcome/index.html.erb (2.5ms)
Completed 200 OK in 272ms (Views: 23.5ms)


Started GET "/hello" for 127.0.0.1 at 2018-08-20 13:08:15 +0700
  
ActionController::RoutingError (No route matches [GET] "/hello"):
  
actionpack (5.1.6) lib/action_dispatch/middleware/debug_exceptions.rb:63:in `call'
web-console (3.6.2) lib/web_console/middleware.rb:135:in `call_app'
web-console (3.6.2) lib/web_console/middleware.rb:30:in `block in call'
web-console (3.6.2) lib/web_console/middleware.rb:20:in `catch'
web-console (3.6.2) lib/web_console/middleware.rb:20:in `call'
actionpack (5.1.6) lib/action_dispatch/middleware/show_exceptions.rb:31:in `call'
railties (5.1.6) lib/rails/rack/logger.rb:36:in `call_app'
railties (5.1.6) lib/rails/rack/logger.rb:24:in `block in call'
activesupport (5.1.6) lib/active_support/tagged_logging.rb:69:in `block in tagged'
activesupport (5.1.6) lib/active_support/tagged_logging.rb:26:in `tagged'
activesupport (5.1.6) lib/active_support/tagged_logging.rb:69:in `tagged'
railties (5.1.6) lib/rails/rack/logger.rb:24:in `call'
sprockets-rails (3.2.1) lib/sprockets/rails/quiet_assets.rb:13:in `call'
actionpack (5.1.6) lib/action_dispatch/middleware/remote_ip.rb:79:in `call'
actionpack (5.1.6) lib/action_dispatch/middleware/request_id.rb:25:in `call'
rack (2.0.5) lib/rack/method_override.rb:22:in `call'
rack (2.0.5) lib/rack/runtime.rb:22:in `call'
activesupport (5.1.6) lib/active_support/cache/strategy/local_cache_middleware.rb:27:in `call'
actionpack (5.1.6) lib/action_dispatch/middleware/executor.rb:12:in `call'
actionpack (5.1.6) lib/action_dispatch/middleware/static.rb:125:in `call'
rack (2.0.5) lib/rack/sendfile.rb:111:in `call'
railties (5.1.6) lib/rails/engine.rb:522:in `call'
puma (3.12.0) lib/puma/configuration.rb:225:in `call'
puma (3.12.0) lib/puma/server.rb:658:in `handle_request'
puma (3.12.0) lib/puma/server.rb:472:in `process_client'
puma (3.12.0) lib/puma/server.rb:332:in `block in run'
puma (3.12.0) lib/puma/thread_pool.rb:133:in `block in spawn_thread'
Started GET "/hello" for 127.0.0.1 at 2018-08-20 13:09:45 +0700
  
ActionController::RoutingError (No route matches [GET] "/hello"):
  
actionpack (5.1.6) lib/action_dispatch/middleware/debug_exceptions.rb:63:in `call'
web-console (3.6.2) lib/web_console/middleware.rb:135:in `call_app'
web-console (3.6.2) lib/web_console/middleware.rb:30:in `block in call'
web-console (3.6.2) lib/web_console/middleware.rb:20:in `catch'
web-console (3.6.2) lib/web_console/middleware.rb:20:in `call'
actionpack (5.1.6) lib/action_dispatch/middleware/show_exceptions.rb:31:in `call'
railties (5.1.6) lib/rails/rack/logger.rb:36:in `call_app'
railties (5.1.6) lib/rails/rack/logger.rb:24:in `block in call'
activesupport (5.1.6) lib/active_support/tagged_logging.rb:69:in `block in tagged'
activesupport (5.1.6) lib/active_support/tagged_logging.rb:26:in `tagged'
activesupport (5.1.6) lib/active_support/tagged_logging.rb:69:in `tagged'
railties (5.1.6) lib/rails/rack/logger.rb:24:in `call'
sprockets-rails (3.2.1) lib/sprockets/rails/quiet_assets.rb:13:in `call'
actionpack (5.1.6) lib/action_dispatch/middleware/remote_ip.rb:79:in `call'
actionpack (5.1.6) lib/action_dispatch/middleware/request_id.rb:25:in `call'
rack (2.0.5) lib/rack/method_override.rb:22:in `call'
rack (2.0.5) lib/rack/runtime.rb:22:in `call'
activesupport (5.1.6) lib/active_support/cache/strategy/local_cache_middleware.rb:27:in `call'
actionpack (5.1.6) lib/action_dispatch/middleware/executor.rb:12:in `call'
actionpack (5.1.6) lib/action_dispatch/middleware/static.rb:125:in `call'
rack (2.0.5) lib/rack/sendfile.rb:111:in `call'
railties (5.1.6) lib/rails/engine.rb:522:in `call'
puma (3.12.0) lib/puma/configuration.rb:225:in `call'
puma (3.12.0) lib/puma/server.rb:658:in `handle_request'
puma (3.12.0) lib/puma/server.rb:472:in `process_client'
puma (3.12.0) lib/puma/server.rb:332:in `block in run'
puma (3.12.0) lib/puma/thread_pool.rb:133:in `block in spawn_thread'
Started GET "/" for 127.0.0.1 at 2018-08-20 13:09:48 +0700
  
SyntaxError (D:/Source/Ruby/todo-app/app/controllers/application_controller.rb:5: syntax error, unexpected ':', expecting ';' or '\n'
  def hello:
            ^
D:/Source/Ruby/todo-app/app/controllers/application_controller.rb:8: syntax error, unexpected keyword_end, expecting end-of-input):
  
app/controllers/application_controller.rb:5: syntax error, unexpected ':', expecting ';' or '\n'
app/controllers/application_controller.rb:8: syntax error, unexpected keyword_end, expecting end-of-input
Started GET "/" for 127.0.0.1 at 2018-08-20 13:10:34 +0700
Processing by ApplicationController#hello as HTML
  Rendering html template
  Rendered html template (0.0ms)
Completed 200 OK in 3ms (Views: 2.3ms)


Started GET "/" for 127.0.0.1 at 2018-08-20 13:12:24 +0700
Processing by ApplicationController#maintaince as HTML
  Rendering html template
  Rendered html template (0.0ms)
Completed 200 OK in 2ms (Views: 1.1ms)


Started GET "/" for 127.0.0.1 at 2018-08-20 13:13:18 +0700
Processing by ApplicationController#maintaince as HTML
  Rendering html template
  Rendered html template (0.0ms)
Completed 200 OK in 2ms (Views: 0.9ms)


  [1m[35m (123.8ms)[0m  [1m[35mCREATE TABLE "schema_migrations" ("version" character varying NOT NULL PRIMARY KEY)[0m
  [1m[35m (85.9ms)[0m  [1m[35mCREATE TABLE "ar_internal_metadata" ("key" character varying NOT NULL PRIMARY KEY, "value" character varying, "created_at" timestamp NOT NULL, "updated_at" timestamp NOT NULL)[0m
  [1m[35m (0.4ms)[0m  [1m[34mSELECT pg_try_advisory_lock(5790848985702910395)[0m
  [1m[35m (0.5ms)[0m  [1m[34mSELECT "schema_migrations"."version" FROM "schema_migrations" ORDER BY "schema_migrations"."version" ASC[0m
Migrating to CreateTodos (20180820075630)
  [1m[35m (0.5ms)[0m  [1m[35mBEGIN[0m
  [1m[35m (65.2ms)[0m  [1m[35mCREATE TABLE "todos" ("id" bigserial primary key, "todo" character varying, "status" boolean, "priority" integer, "created_at" timestamp NOT NULL, "updated_at" timestamp NOT NULL)[0m
  [1m[35mSQL (1.0ms)[0m  [1m[32mINSERT INTO "schema_migrations" ("version") VALUES ($1) RETURNING "version"[0m  [["version", "20180820075630"]]
  [1m[35m (1.0ms)[0m  [1m[35mCOMMIT[0m
  [1m[36mActiveRecord::InternalMetadata Load (0.5ms)[0m  [1m[34mSELECT  "ar_internal_metadata".* FROM "ar_internal_metadata" WHERE "ar_internal_metadata"."key" = $1 LIMIT $2[0m  [["key", "environment"], ["LIMIT", 1]]
  [1m[35m (0.5ms)[0m  [1m[35mBEGIN[0m
  [1m[35mSQL (0.5ms)[0m  [1m[32mINSERT INTO "ar_internal_metadata" ("key", "value", "created_at", "updated_at") VALUES ($1, $2, $3, $4) RETURNING "key"[0m  [["key", "environment"], ["value", "development"], ["created_at", "2018-08-20 09:10:09.403479"], ["updated_at", "2018-08-20 09:10:09.403479"]]
  [1m[35m (11.8ms)[0m  [1m[35mCOMMIT[0m
  [1m[35m (0.5ms)[0m  [1m[34mSELECT pg_advisory_unlock(5790848985702910395)[0m
  [1m[35m (0.5ms)[0m  [1m[34mSELECT "schema_migrations"."version" FROM "schema_migrations" ORDER BY "schema_migrations"."version" ASC[0m
  [1m[35m (0.5ms)[0m  [1m[34mSELECT "schema_migrations"."version" FROM "schema_migrations" ORDER BY "schema_migrations"."version" ASC[0m
  [1m[35m (0.5ms)[0m  [1m[35mBEGIN[0m
  [1m[35m (0.5ms)[0m  [1m[35mALTER TABLE "schema_migrations" DISABLE TRIGGER ALL;ALTER TABLE "ar_internal_metadata" DISABLE TRIGGER ALL;ALTER TABLE "todos" DISABLE TRIGGER ALL[0m
  [1m[35m (0.5ms)[0m  [1m[35mCOMMIT[0m
  [1m[35m (0.5ms)[0m  [1m[35mBEGIN[0m
  [1m[36mFixture Delete (0.5ms)[0m  [1m[31mDELETE FROM "todos"[0m
  [1m[36mFixture Insert (1.0ms)[0m  [1m[32mINSERT INTO "todos" ("todo", "status", "priority", "created_at", "updated_at", "id") VALUES ('MyString', 'f', 1, '2018-08-20 09:24:40.400588', '2018-08-20 09:24:40.400588', 980190962)[0m
  [1m[36mFixture Insert (0.5ms)[0m  [1m[32mINSERT INTO "todos" ("todo", "status", "priority", "created_at", "updated_at", "id") VALUES ('MyString', 'f', 1, '2018-08-20 09:24:40.400588', '2018-08-20 09:24:40.400588', 298486374)[0m
  [1m[35m (1.0ms)[0m  [1m[35mCOMMIT[0m
  [1m[35m (0.0ms)[0m  [1m[35mBEGIN[0m
  [1m[35m (0.0ms)[0m  [1m[35mALTER TABLE "schema_migrations" ENABLE TRIGGER ALL;ALTER TABLE "ar_internal_metadata" ENABLE TRIGGER ALL;ALTER TABLE "todos" ENABLE TRIGGER ALL[0m
  [1m[35m (0.0ms)[0m  [1m[35mCOMMIT[0m
  [1m[35m (0.0ms)[0m  [1m[35mBEGIN[0m
------------------------------------------
TodosControllerTest: test_should_get_index
------------------------------------------
  [1m[36mTodo Load (0.5ms)[0m  [1m[34mSELECT  "todos".* FROM "todos" WHERE "todos"."id" = $1 LIMIT $2[0m  [["id", 980190962], ["LIMIT", 1]]
Started GET "/todos" for 127.0.0.1 at 2018-08-20 16:24:40 +0700
  [1m[35m (0.5ms)[0m  [1m[34mSELECT "schema_migrations"."version" FROM "schema_migrations" ORDER BY "schema_migrations"."version" ASC[0m
Processing by TodosController#index as HTML
  Rendering todos/index.html.erb within layouts/application
  [1m[36mTodo Load (0.0ms)[0m  [1m[34mSELECT "todos".* FROM "todos"[0m
  Rendered todos/index.html.erb within layouts/application (5.0ms)
Completed 200 OK in 709ms (Views: 695.9ms | ActiveRecord: 0.0ms)


  [1m[35m (0.0ms)[0m  [1m[31mROLLBACK[0m
  [1m[35m (0.0ms)[0m  [1m[35mBEGIN[0m
--------------------------------------------
TodosControllerTest: test_should_create_todo
--------------------------------------------
  [1m[36mTodo Load (0.5ms)[0m  [1m[34mSELECT  "todos".* FROM "todos" WHERE "todos"."id" = $1 LIMIT $2[0m  [["id", 980190962], ["LIMIT", 1]]
  [1m[35m (0.5ms)[0m  [1m[34mSELECT COUNT(*) FROM "todos"[0m
Started POST "/todos" for 127.0.0.1 at 2018-08-20 16:24:52 +0700
Processing by TodosController#create as HTML
  Parameters: {"todo"=>{"priority"=>"1", "status"=>"false", "todo"=>"MyString"}}
Can't verify CSRF token authenticity.
Completed 422 Unprocessable Entity in 1ms (ActiveRecord: 0.0ms)


  
ActionController::InvalidAuthenticityToken (ActionController::InvalidAuthenticityToken):
  
test/controllers/todos_controller_test.rb:20:in `block (2 levels) in <class:TodosControllerTest>'
test/controllers/todos_controller_test.rb:19:in `block in <class:TodosControllerTest>'
  [1m[35m (0.5ms)[0m  [1m[34mSELECT COUNT(*) FROM "todos"[0m
  [1m[35m (0.5ms)[0m  [1m[31mROLLBACK[0m
  [1m[35m (0.5ms)[0m  [1m[35mBEGIN[0m
------------------------------------------
TodosControllerTest: test_should_show_todo
------------------------------------------
  [1m[36mTodo Load (0.6ms)[0m  [1m[34mSELECT  "todos".* FROM "todos" WHERE "todos"."id" = $1 LIMIT $2[0m  [["id", 980190962], ["LIMIT", 1]]
Started GET "/todos/980190962" for 127.0.0.1 at 2018-08-20 16:24:54 +0700
Processing by TodosController#show as HTML
  Parameters: {"id"=>"980190962"}
  [1m[36mTodo Load (0.5ms)[0m  [1m[34mSELECT  "todos".* FROM "todos" WHERE "todos"."id" = $1 LIMIT $2[0m  [["id", 980190962], ["LIMIT", 1]]
  Rendering todos/show.html.erb within layouts/application
  Rendered todos/show.html.erb within layouts/application (1.0ms)
Completed 200 OK in 51ms (Views: 39.3ms | ActiveRecord: 0.5ms)


  [1m[35m (0.0ms)[0m  [1m[31mROLLBACK[0m
  [1m[35m (0.0ms)[0m  [1m[35mBEGIN[0m
---------------------------------------------
TodosControllerTest: test_should_destroy_todo
---------------------------------------------
  [1m[36mTodo Load (0.5ms)[0m  [1m[34mSELECT  "todos".* FROM "todos" WHERE "todos"."id" = $1 LIMIT $2[0m  [["id", 980190962], ["LIMIT", 1]]
  [1m[35m (0.0ms)[0m  [1m[34mSELECT COUNT(*) FROM "todos"[0m
Started DELETE "/todos/980190962" for 127.0.0.1 at 2018-08-20 16:24:54 +0700
Processing by TodosController#destroy as HTML
  Parameters: {"id"=>"980190962"}
Can't verify CSRF token authenticity.
Completed 422 Unprocessable Entity in 0ms (ActiveRecord: 0.0ms)


  
ActionController::InvalidAuthenticityToken (ActionController::InvalidAuthenticityToken):
  
test/controllers/todos_controller_test.rb:43:in `block (2 levels) in <class:TodosControllerTest>'
test/controllers/todos_controller_test.rb:42:in `block in <class:TodosControllerTest>'
  [1m[35m (0.0ms)[0m  [1m[34mSELECT COUNT(*) FROM "todos"[0m
  [1m[35m (0.0ms)[0m  [1m[31mROLLBACK[0m
  [1m[35m (0.0ms)[0m  [1m[35mBEGIN[0m
--------------------------------------------
TodosControllerTest: test_should_update_todo
--------------------------------------------
  [1m[36mTodo Load (0.5ms)[0m  [1m[34mSELECT  "todos".* FROM "todos" WHERE "todos"."id" = $1 LIMIT $2[0m  [["id", 980190962], ["LIMIT", 1]]
Started PATCH "/todos/980190962" for 127.0.0.1 at 2018-08-20 16:24:57 +0700
Processing by TodosController#update as HTML
  Parameters: {"todo"=>{"priority"=>"1", "status"=>"false", "todo"=>"MyString"}, "id"=>"980190962"}
Can't verify CSRF token authenticity.
Completed 422 Unprocessable Entity in 0ms (ActiveRecord: 0.0ms)


  
ActionController::InvalidAuthenticityToken (ActionController::InvalidAuthenticityToken):
  
test/controllers/todos_controller_test.rb:37:in `block in <class:TodosControllerTest>'
  [1m[35m (0.5ms)[0m  [1m[31mROLLBACK[0m
  [1m[35m (0.0ms)[0m  [1m[35mBEGIN[0m
-----------------------------------------
TodosControllerTest: test_should_get_edit
-----------------------------------------
  [1m[36mTodo Load (0.5ms)[0m  [1m[34mSELECT  "todos".* FROM "todos" WHERE "todos"."id" = $1 LIMIT $2[0m  [["id", 980190962], ["LIMIT", 1]]
Started GET "/todos/980190962/edit" for 127.0.0.1 at 2018-08-20 16:24:59 +0700
Processing by TodosController#edit as HTML
  Parameters: {"id"=>"980190962"}
  [1m[36mTodo Load (0.0ms)[0m  [1m[34mSELECT  "todos".* FROM "todos" WHERE "todos"."id" = $1 LIMIT $2[0m  [["id", 980190962], ["LIMIT", 1]]
  Rendering todos/edit.html.erb within layouts/application
  Rendered todos/_form.html.erb (43.6ms)
  Rendered todos/edit.html.erb within layouts/application (49.1ms)
Completed 200 OK in 96ms (Views: 89.7ms | ActiveRecord: 0.0ms)


  [1m[35m (0.5ms)[0m  [1m[31mROLLBACK[0m
  [1m[35m (0.5ms)[0m  [1m[35mBEGIN[0m
----------------------------------------
TodosControllerTest: test_should_get_new
----------------------------------------
  [1m[36mTodo Load (0.5ms)[0m  [1m[34mSELECT  "todos".* FROM "todos" WHERE "todos"."id" = $1 LIMIT $2[0m  [["id", 980190962], ["LIMIT", 1]]
Started GET "/todos/new" for 127.0.0.1 at 2018-08-20 16:24:59 +0700
Processing by TodosController#new as HTML
  Rendering todos/new.html.erb within layouts/application
  Rendered todos/_form.html.erb (2.5ms)
  Rendered todos/new.html.erb within layouts/application (10.5ms)
Completed 200 OK in 80ms (Views: 74.3ms | ActiveRecord: 0.0ms)


  [1m[35m (0.5ms)[0m  [1m[31mROLLBACK[0m
  [1m[35m (0.5ms)[0m  [1m[34mSELECT "schema_migrations"."version" FROM "schema_migrations" ORDER BY "schema_migrations"."version" ASC[0m
  [1m[35m (0.0ms)[0m  [1m[35mBEGIN[0m
  [1m[35m (0.0ms)[0m  [1m[35mALTER TABLE "schema_migrations" DISABLE TRIGGER ALL;ALTER TABLE "ar_internal_metadata" DISABLE TRIGGER ALL;ALTER TABLE "todos" DISABLE TRIGGER ALL[0m
  [1m[35m (0.5ms)[0m  [1m[35mCOMMIT[0m
  [1m[35m (0.5ms)[0m  [1m[35mBEGIN[0m
  [1m[36mFixture Delete (0.5ms)[0m  [1m[31mDELETE FROM "todos"[0m
  [1m[36mFixture Insert (0.5ms)[0m  [1m[32mINSERT INTO "todos" ("todo", "status", "priority", "created_at", "updated_at", "id") VALUES ('MyString', 'f', 1, '2018-08-20 09:26:01.198006', '2018-08-20 09:26:01.198006', 980190962)[0m
  [1m[36mFixture Insert (0.0ms)[0m  [1m[32mINSERT INTO "todos" ("todo", "status", "priority", "created_at", "updated_at", "id") VALUES ('MyString', 'f', 1, '2018-08-20 09:26:01.198006', '2018-08-20 09:26:01.198006', 298486374)[0m
  [1m[35m (0.6ms)[0m  [1m[35mCOMMIT[0m
  [1m[35m (0.0ms)[0m  [1m[35mBEGIN[0m
  [1m[35m (0.5ms)[0m  [1m[35mALTER TABLE "schema_migrations" ENABLE TRIGGER ALL;ALTER TABLE "ar_internal_metadata" ENABLE TRIGGER ALL;ALTER TABLE "todos" ENABLE TRIGGER ALL[0m
  [1m[35m (0.0ms)[0m  [1m[35mCOMMIT[0m
  [1m[35m (0.5ms)[0m  [1m[35mBEGIN[0m
------------------------------------------
TodosControllerTest: test_should_show_todo
------------------------------------------
  [1m[36mTodo Load (0.5ms)[0m  [1m[34mSELECT  "todos".* FROM "todos" WHERE "todos"."id" = $1 LIMIT $2[0m  [["id", 980190962], ["LIMIT", 1]]
Started GET "/todos/980190962" for 127.0.0.1 at 2018-08-20 16:26:01 +0700
  [1m[35m (0.0ms)[0m  [1m[34mSELECT "schema_migrations"."version" FROM "schema_migrations" ORDER BY "schema_migrations"."version" ASC[0m
Processing by TodosController#show as HTML
  Parameters: {"id"=>"980190962"}
  [1m[36mTodo Load (0.5ms)[0m  [1m[34mSELECT  "todos".* FROM "todos" WHERE "todos"."id" = $1 LIMIT $2[0m  [["id", 980190962], ["LIMIT", 1]]
  Rendering todos/show.html.erb within layouts/application
  Rendered todos/show.html.erb within layouts/application (1.5ms)
Completed 200 OK in 163ms (Views: 147.6ms | ActiveRecord: 0.5ms)


  [1m[35m (0.5ms)[0m  [1m[31mROLLBACK[0m
  [1m[35m (0.5ms)[0m  [1m[35mBEGIN[0m
----------------------------------------
TodosControllerTest: test_should_get_new
----------------------------------------
  [1m[36mTodo Load (0.5ms)[0m  [1m[34mSELECT  "todos".* FROM "todos" WHERE "todos"."id" = $1 LIMIT $2[0m  [["id", 980190962], ["LIMIT", 1]]
Started GET "/todos/new" for 127.0.0.1 at 2018-08-20 16:26:12 +0700
Processing by TodosController#new as HTML
  Rendering todos/new.html.erb within layouts/application
  Rendered todos/_form.html.erb (12.6ms)
  Rendered todos/new.html.erb within layouts/application (18.6ms)
Completed 200 OK in 65ms (Views: 58.4ms | ActiveRecord: 0.0ms)


  [1m[35m (0.0ms)[0m  [1m[31mROLLBACK[0m
  [1m[35m (0.0ms)[0m  [1m[35mBEGIN[0m
---------------------------------------------
TodosControllerTest: test_should_destroy_todo
---------------------------------------------
  [1m[36mTodo Load (0.5ms)[0m  [1m[34mSELECT  "todos".* FROM "todos" WHERE "todos"."id" = $1 LIMIT $2[0m  [["id", 980190962], ["LIMIT", 1]]
  [1m[35m (0.5ms)[0m  [1m[34mSELECT COUNT(*) FROM "todos"[0m
Started DELETE "/todos/980190962" for 127.0.0.1 at 2018-08-20 16:26:12 +0700
Processing by TodosController#destroy as HTML
  Parameters: {"id"=>"980190962"}
Can't verify CSRF token authenticity.
Completed 422 Unprocessable Entity in 0ms (ActiveRecord: 0.0ms)


  
ActionController::InvalidAuthenticityToken (ActionController::InvalidAuthenticityToken):
  
test/controllers/todos_controller_test.rb:43:in `block (2 levels) in <class:TodosControllerTest>'
test/controllers/todos_controller_test.rb:42:in `block in <class:TodosControllerTest>'
  [1m[35m (1.0ms)[0m  [1m[34mSELECT COUNT(*) FROM "todos"[0m
  [1m[35m (0.0ms)[0m  [1m[31mROLLBACK[0m
  [1m[35m (0.0ms)[0m  [1m[35mBEGIN[0m
--------------------------------------------
TodosControllerTest: test_should_create_todo
--------------------------------------------
  [1m[36mTodo Load (0.7ms)[0m  [1m[34mSELECT  "todos".* FROM "todos" WHERE "todos"."id" = $1 LIMIT $2[0m  [["id", 980190962], ["LIMIT", 1]]
  [1m[35m (0.0ms)[0m  [1m[34mSELECT COUNT(*) FROM "todos"[0m
Started POST "/todos" for 127.0.0.1 at 2018-08-20 16:26:14 +0700
Processing by TodosController#create as HTML
  Parameters: {"todo"=>{"priority"=>"1", "status"=>"false", "todo"=>"MyString"}}
Can't verify CSRF token authenticity.
Completed 422 Unprocessable Entity in 1ms (ActiveRecord: 0.0ms)


  
ActionController::InvalidAuthenticityToken (ActionController::InvalidAuthenticityToken):
  
test/controllers/todos_controller_test.rb:20:in `block (2 levels) in <class:TodosControllerTest>'
test/controllers/todos_controller_test.rb:19:in `block in <class:TodosControllerTest>'
  [1m[35m (0.5ms)[0m  [1m[34mSELECT COUNT(*) FROM "todos"[0m
  [1m[35m (0.5ms)[0m  [1m[31mROLLBACK[0m
  [1m[35m (0.0ms)[0m  [1m[35mBEGIN[0m
------------------------------------------
TodosControllerTest: test_should_get_index
------------------------------------------
  [1m[36mTodo Load (0.0ms)[0m  [1m[34mSELECT  "todos".* FROM "todos" WHERE "todos"."id" = $1 LIMIT $2[0m  [["id", 980190962], ["LIMIT", 1]]
Started GET "/todos" for 127.0.0.1 at 2018-08-20 16:26:17 +0700
Processing by TodosController#index as HTML
  Rendering todos/index.html.erb within layouts/application
  [1m[36mTodo Load (0.5ms)[0m  [1m[34mSELECT "todos".* FROM "todos"[0m
  Rendered todos/index.html.erb within layouts/application (3.0ms)
Completed 200 OK in 54ms (Views: 47.5ms | ActiveRecord: 0.5ms)


  [1m[35m (0.0ms)[0m  [1m[31mROLLBACK[0m
  [1m[35m (0.0ms)[0m  [1m[35mBEGIN[0m
--------------------------------------------
TodosControllerTest: test_should_update_todo
--------------------------------------------
  [1m[36mTodo Load (0.5ms)[0m  [1m[34mSELECT  "todos".* FROM "todos" WHERE "todos"."id" = $1 LIMIT $2[0m  [["id", 980190962], ["LIMIT", 1]]
Started PATCH "/todos/980190962" for 127.0.0.1 at 2018-08-20 16:26:17 +0700
Processing by TodosController#update as HTML
  Parameters: {"todo"=>{"priority"=>"1", "status"=>"false", "todo"=>"MyString"}, "id"=>"980190962"}
Can't verify CSRF token authenticity.
Completed 422 Unprocessable Entity in 1ms (ActiveRecord: 0.0ms)


  
ActionController::InvalidAuthenticityToken (ActionController::InvalidAuthenticityToken):
  
test/controllers/todos_controller_test.rb:37:in `block in <class:TodosControllerTest>'
  [1m[35m (0.0ms)[0m  [1m[31mROLLBACK[0m
  [1m[35m (0.0ms)[0m  [1m[35mBEGIN[0m
-----------------------------------------
TodosControllerTest: test_should_get_edit
-----------------------------------------
  [1m[36mTodo Load (0.0ms)[0m  [1m[34mSELECT  "todos".* FROM "todos" WHERE "todos"."id" = $1 LIMIT $2[0m  [["id", 980190962], ["LIMIT", 1]]
Started GET "/todos/980190962/edit" for 127.0.0.1 at 2018-08-20 16:26:19 +0700
Processing by TodosController#edit as HTML
  Parameters: {"id"=>"980190962"}
  [1m[36mTodo Load (0.5ms)[0m  [1m[34mSELECT  "todos".* FROM "todos" WHERE "todos"."id" = $1 LIMIT $2[0m  [["id", 980190962], ["LIMIT", 1]]
  Rendering todos/edit.html.erb within layouts/application
  Rendered todos/_form.html.erb (2.5ms)
  Rendered todos/edit.html.erb within layouts/application (10.1ms)
Completed 200 OK in 59ms (Views: 53.0ms | ActiveRecord: 0.5ms)


  [1m[35m (0.5ms)[0m  [1m[31mROLLBACK[0m
Started GET "/" for 127.0.0.1 at 2018-08-20 16:28:27 +0700
  [1m[35m (1.0ms)[0m  [1m[34mSELECT "schema_migrations"."version" FROM "schema_migrations" ORDER BY "schema_migrations"."version" ASC[0m
Processing by Rails::WelcomeController#index as HTML
  Rendering C:/Ruby24-x64/lib/ruby/gems/2.4.0/gems/railties-5.1.6/lib/rails/templates/rails/welcome/index.html.erb
  Rendered C:/Ruby24-x64/lib/ruby/gems/2.4.0/gems/railties-5.1.6/lib/rails/templates/rails/welcome/index.html.erb (2.5ms)
Completed 200 OK in 55ms (Views: 25.3ms | ActiveRecord: 0.0ms)


Started GET "/todo" for 127.0.0.1 at 2018-08-20 16:28:34 +0700
  
ActionController::RoutingError (No route matches [GET] "/todo"):
  
actionpack (5.1.6) lib/action_dispatch/middleware/debug_exceptions.rb:63:in `call'
web-console (3.6.2) lib/web_console/middleware.rb:135:in `call_app'
web-console (3.6.2) lib/web_console/middleware.rb:30:in `block in call'
web-console (3.6.2) lib/web_console/middleware.rb:20:in `catch'
web-console (3.6.2) lib/web_console/middleware.rb:20:in `call'
actionpack (5.1.6) lib/action_dispatch/middleware/show_exceptions.rb:31:in `call'
railties (5.1.6) lib/rails/rack/logger.rb:36:in `call_app'
railties (5.1.6) lib/rails/rack/logger.rb:24:in `block in call'
activesupport (5.1.6) lib/active_support/tagged_logging.rb:69:in `block in tagged'
activesupport (5.1.6) lib/active_support/tagged_logging.rb:26:in `tagged'
activesupport (5.1.6) lib/active_support/tagged_logging.rb:69:in `tagged'
railties (5.1.6) lib/rails/rack/logger.rb:24:in `call'
sprockets-rails (3.2.1) lib/sprockets/rails/quiet_assets.rb:13:in `call'
actionpack (5.1.6) lib/action_dispatch/middleware/remote_ip.rb:79:in `call'
actionpack (5.1.6) lib/action_dispatch/middleware/request_id.rb:25:in `call'
rack (2.0.5) lib/rack/method_override.rb:22:in `call'
rack (2.0.5) lib/rack/runtime.rb:22:in `call'
activesupport (5.1.6) lib/active_support/cache/strategy/local_cache_middleware.rb:27:in `call'
actionpack (5.1.6) lib/action_dispatch/middleware/executor.rb:12:in `call'
actionpack (5.1.6) lib/action_dispatch/middleware/static.rb:125:in `call'
rack (2.0.5) lib/rack/sendfile.rb:111:in `call'
railties (5.1.6) lib/rails/engine.rb:522:in `call'
puma (3.12.0) lib/puma/configuration.rb:225:in `call'
puma (3.12.0) lib/puma/server.rb:658:in `handle_request'
puma (3.12.0) lib/puma/server.rb:472:in `process_client'
puma (3.12.0) lib/puma/server.rb:332:in `block in run'
puma (3.12.0) lib/puma/thread_pool.rb:133:in `block in spawn_thread'
Started GET "/todos" for 127.0.0.1 at 2018-08-20 16:28:41 +0700
Processing by TodosController#index as HTML
  Rendering todos/index.html.erb within layouts/application
  [1m[36mTodo Load (0.5ms)[0m  [1m[34mSELECT "todos".* FROM "todos"[0m
  Rendered todos/index.html.erb within layouts/application (56.7ms)
Completed 200 OK in 261ms (Views: 240.9ms | ActiveRecord: 10.6ms)


Started GET "/todos/980190962/edit" for 127.0.0.1 at 2018-08-20 16:29:03 +0700
Processing by TodosController#edit as HTML
  Parameters: {"id"=>"980190962"}
  [1m[36mTodo Load (0.5ms)[0m  [1m[34mSELECT  "todos".* FROM "todos" WHERE "todos"."id" = $1 LIMIT $2[0m  [["id", 980190962], ["LIMIT", 1]]
  Rendering todos/edit.html.erb within layouts/application
  Rendered todos/_form.html.erb (9.0ms)
  Rendered todos/edit.html.erb within layouts/application (16.5ms)
Completed 200 OK in 71ms (Views: 60.3ms | ActiveRecord: 0.5ms)


Started PATCH "/todos/980190962" for 127.0.0.1 at 2018-08-20 16:29:22 +0700
Processing by TodosController#update as HTML
  Parameters: {"utf8"=>"✓", "authenticity_token"=>"8Oo+5oLFrCp5JyxL9bcEb54LDwqkQcgEWtWRWrS3HgASaWUXiHhUlwY8zc6xn27TUlWOeWxhn5AXY5DB4kHkQw==", "todo"=>{"todo"=>"Learn English", "status"=>"0", "priority"=>"1"}, "commit"=>"Update Todo", "id"=>"980190962"}
  [1m[36mTodo Load (0.5ms)[0m  [1m[34mSELECT  "todos".* FROM "todos" WHERE "todos"."id" = $1 LIMIT $2[0m  [["id", 980190962], ["LIMIT", 1]]
  [1m[35m (0.0ms)[0m  [1m[35mBEGIN[0m
  [1m[35mSQL (1.0ms)[0m  [1m[33mUPDATE "todos" SET "todo" = $1, "updated_at" = $2 WHERE "todos"."id" = $3[0m  [["todo", "Learn English"], ["updated_at", "2018-08-20 09:29:22.943943"], ["id", 980190962]]
  [1m[35m (0.5ms)[0m  [1m[35mCOMMIT[0m
Redirected to http://localhost:3000/todos/980190962
Completed 302 Found in 18ms (ActiveRecord: 2.0ms)


Started GET "/todos/980190962" for 127.0.0.1 at 2018-08-20 16:29:22 +0700
Processing by TodosController#show as HTML
  Parameters: {"id"=>"980190962"}
  [1m[36mTodo Load (0.5ms)[0m  [1m[34mSELECT  "todos".* FROM "todos" WHERE "todos"."id" = $1 LIMIT $2[0m  [["id", 980190962], ["LIMIT", 1]]
  Rendering todos/show.html.erb within layouts/application
  Rendered todos/show.html.erb within layouts/application (1.0ms)
Completed 200 OK in 53ms (Views: 43.8ms | ActiveRecord: 0.5ms)


Started GET "/todos" for 127.0.0.1 at 2018-08-20 16:29:25 +0700
Processing by TodosController#index as HTML
  Rendering todos/index.html.erb within layouts/application
  [1m[36mTodo Load (0.5ms)[0m  [1m[34mSELECT "todos".* FROM "todos"[0m
  Rendered todos/index.html.erb within layouts/application (3.1ms)
Completed 200 OK in 52ms (Views: 45.3ms | ActiveRecord: 0.5ms)


Started GET "/todos/298486374/edit" for 127.0.0.1 at 2018-08-20 16:29:30 +0700
Processing by TodosController#edit as HTML
  Parameters: {"id"=>"298486374"}
  [1m[36mTodo Load (0.0ms)[0m  [1m[34mSELECT  "todos".* FROM "todos" WHERE "todos"."id" = $1 LIMIT $2[0m  [["id", 298486374], ["LIMIT", 1]]
  Rendering todos/edit.html.erb within layouts/application
  Rendered todos/_form.html.erb (3.0ms)
  Rendered todos/edit.html.erb within layouts/application (10.0ms)
Completed 200 OK in 81ms (Views: 72.4ms | ActiveRecord: 0.0ms)


Started PATCH "/todos/298486374" for 127.0.0.1 at 2018-08-20 16:29:47 +0700
Processing by TodosController#update as HTML
  Parameters: {"utf8"=>"✓", "authenticity_token"=>"lqpiE4oRy/LB7gz60uktlQ1HIkXsZz0Q18GTSSzNyS6ZrfHIXhInhUxB/BVqPEZg5yrZz16G9ZVbJ4ksF8T4og==", "todo"=>{"todo"=>"Play with son", "status"=>"0", "priority"=>"1"}, "commit"=>"Update Todo", "id"=>"298486374"}
  [1m[36mTodo Load (0.5ms)[0m  [1m[34mSELECT  "todos".* FROM "todos" WHERE "todos"."id" = $1 LIMIT $2[0m  [["id", 298486374], ["LIMIT", 1]]
  [1m[35m (0.0ms)[0m  [1m[35mBEGIN[0m
  [1m[35mSQL (0.5ms)[0m  [1m[33mUPDATE "todos" SET "todo" = $1, "updated_at" = $2 WHERE "todos"."id" = $3[0m  [["todo", "Play with son"], ["updated_at", "2018-08-20 09:29:47.386981"], ["id", 298486374]]
  [1m[35m (0.5ms)[0m  [1m[35mCOMMIT[0m
Redirected to http://localhost:3000/todos/298486374
Completed 302 Found in 7ms (ActiveRecord: 1.5ms)


Started GET "/todos/298486374" for 127.0.0.1 at 2018-08-20 16:29:47 +0700
Processing by TodosController#show as HTML
  Parameters: {"id"=>"298486374"}
  [1m[36mTodo Load (0.5ms)[0m  [1m[34mSELECT  "todos".* FROM "todos" WHERE "todos"."id" = $1 LIMIT $2[0m  [["id", 298486374], ["LIMIT", 1]]
  Rendering todos/show.html.erb within layouts/application
  Rendered todos/show.html.erb within layouts/application (0.5ms)
Completed 200 OK in 60ms (Views: 51.3ms | ActiveRecord: 0.5ms)


Started GET "/todos" for 127.0.0.1 at 2018-08-20 16:29:48 +0700
Processing by TodosController#index as HTML
  Rendering todos/index.html.erb within layouts/application
  [1m[36mTodo Load (0.0ms)[0m  [1m[34mSELECT "todos".* FROM "todos"[0m
  Rendered todos/index.html.erb within layouts/application (3.0ms)
Completed 200 OK in 52ms (Views: 46.7ms | ActiveRecord: 0.0ms)


Started GET "/todos/980190962/edit" for 127.0.0.1 at 2018-08-20 16:29:53 +0700
Processing by TodosController#edit as HTML
  Parameters: {"id"=>"980190962"}
  [1m[36mTodo Load (0.5ms)[0m  [1m[34mSELECT  "todos".* FROM "todos" WHERE "todos"."id" = $1 LIMIT $2[0m  [["id", 980190962], ["LIMIT", 1]]
  Rendering todos/edit.html.erb within layouts/application
  Rendered todos/_form.html.erb (3.0ms)
  Rendered todos/edit.html.erb within layouts/application (10.1ms)
Completed 200 OK in 62ms (Views: 52.9ms | ActiveRecord: 0.5ms)


Started PATCH "/todos/980190962" for 127.0.0.1 at 2018-08-20 16:29:57 +0700
Processing by TodosController#update as HTML
  Parameters: {"utf8"=>"✓", "authenticity_token"=>"B5DwdX4boHPOhwGxstV9dGJ8qZo8Emu43h+O7j0fi7zlE6uEdKZYzrGc4DT2/RfIriIo6fQyPCyTqY91a+lx/w==", "todo"=>{"todo"=>"Learn English", "status"=>"1", "priority"=>"1"}, "commit"=>"Update Todo", "id"=>"980190962"}
  [1m[36mTodo Load (0.0ms)[0m  [1m[34mSELECT  "todos".* FROM "todos" WHERE "todos"."id" = $1 LIMIT $2[0m  [["id", 980190962], ["LIMIT", 1]]
  [1m[35m (0.5ms)[0m  [1m[35mBEGIN[0m
  [1m[35mSQL (0.5ms)[0m  [1m[33mUPDATE "todos" SET "status" = $1, "updated_at" = $2 WHERE "todos"."id" = $3[0m  [["status", "t"], ["updated_at", "2018-08-20 09:29:57.062989"], ["id", 980190962]]
  [1m[35m (0.3ms)[0m  [1m[35mCOMMIT[0m
Redirected to http://localhost:3000/todos/980190962
Completed 302 Found in 7ms (ActiveRecord: 1.3ms)


Started GET "/todos/980190962" for 127.0.0.1 at 2018-08-20 16:29:57 +0700
Processing by TodosController#show as HTML
  Parameters: {"id"=>"980190962"}
  [1m[36mTodo Load (0.5ms)[0m  [1m[34mSELECT  "todos".* FROM "todos" WHERE "todos"."id" = $1 LIMIT $2[0m  [["id", 980190962], ["LIMIT", 1]]
  Rendering todos/show.html.erb within layouts/application
  Rendered todos/show.html.erb within layouts/application (0.5ms)
Completed 200 OK in 56ms (Views: 47.6ms | ActiveRecord: 0.5ms)


Started GET "/todos" for 127.0.0.1 at 2018-08-20 16:29:58 +0700
Processing by TodosController#index as HTML
  Rendering todos/index.html.erb within layouts/application
  [1m[36mTodo Load (0.4ms)[0m  [1m[34mSELECT "todos".* FROM "todos"[0m
  Rendered todos/index.html.erb within layouts/application (4.0ms)
Completed 200 OK in 53ms (Views: 46.3ms | ActiveRecord: 0.4ms)


Started GET "/todos/298486374/edit" for 127.0.0.1 at 2018-08-20 16:30:07 +0700
Processing by TodosController#edit as HTML
  Parameters: {"id"=>"298486374"}
  [1m[36mTodo Load (0.5ms)[0m  [1m[34mSELECT  "todos".* FROM "todos" WHERE "todos"."id" = $1 LIMIT $2[0m  [["id", 298486374], ["LIMIT", 1]]
  Rendering todos/edit.html.erb within layouts/application
  Rendered todos/_form.html.erb (2.5ms)
  Rendered todos/edit.html.erb within layouts/application (7.5ms)
Completed 200 OK in 66ms (Views: 58.4ms | ActiveRecord: 0.5ms)


Started PATCH "/todos/298486374" for 127.0.0.1 at 2018-08-20 16:30:09 +0700
Processing by TodosController#update as HTML
  Parameters: {"utf8"=>"✓", "authenticity_token"=>"96TgrpN4CWZ/lRv5HQVAOW/UVAZmQxal28pa//DBkzD4o3N1R3vlEfI66xal0CvMhbmvjNSi3iBXLECay8iivA==", "todo"=>{"todo"=>"Play with son", "status"=>"1", "priority"=>"1"}, "commit"=>"Update Todo", "id"=>"298486374"}
  [1m[36mTodo Load (0.5ms)[0m  [1m[34mSELECT  "todos".* FROM "todos" WHERE "todos"."id" = $1 LIMIT $2[0m  [["id", 298486374], ["LIMIT", 1]]
  [1m[35m (0.5ms)[0m  [1m[35mBEGIN[0m
  [1m[35mSQL (0.0ms)[0m  [1m[33mUPDATE "todos" SET "status" = $1, "updated_at" = $2 WHERE "todos"."id" = $3[0m  [["status", "t"], ["updated_at", "2018-08-20 09:30:09.724674"], ["id", 298486374]]
  [1m[35m (0.0ms)[0m  [1m[35mCOMMIT[0m
Redirected to http://localhost:3000/todos/298486374
Completed 302 Found in 7ms (ActiveRecord: 1.0ms)


Started GET "/todos/298486374" for 127.0.0.1 at 2018-08-20 16:30:09 +0700
Processing by TodosController#show as HTML
  Parameters: {"id"=>"298486374"}
  [1m[36mTodo Load (0.5ms)[0m  [1m[34mSELECT  "todos".* FROM "todos" WHERE "todos"."id" = $1 LIMIT $2[0m  [["id", 298486374], ["LIMIT", 1]]
  Rendering todos/show.html.erb within layouts/application
  Rendered todos/show.html.erb within layouts/application (1.0ms)
Completed 200 OK in 49ms (Views: 41.8ms | ActiveRecord: 0.5ms)


Started GET "/todos" for 127.0.0.1 at 2018-08-20 16:30:11 +0700
Processing by TodosController#index as HTML
  Rendering todos/index.html.erb within layouts/application
  [1m[36mTodo Load (0.0ms)[0m  [1m[34mSELECT "todos".* FROM "todos"[0m
  Rendered todos/index.html.erb within layouts/application (2.5ms)
Completed 200 OK in 54ms (Views: 46.3ms | ActiveRecord: 0.0ms)


Started GET "/todos/new" for 127.0.0.1 at 2018-08-20 16:30:14 +0700
Processing by TodosController#new as HTML
  Rendering todos/new.html.erb within layouts/application
  Rendered todos/_form.html.erb (2.0ms)
  Rendered todos/new.html.erb within layouts/application (8.0ms)
Completed 200 OK in 64ms (Views: 55.7ms | ActiveRecord: 0.0ms)


Started POST "/todos" for 127.0.0.1 at 2018-08-20 16:30:26 +0700
Processing by TodosController#create as HTML
  Parameters: {"utf8"=>"✓", "authenticity_token"=>"MMamFZxyRUNeuHgPczo7aFjSG6b5RcyJaImA2s4mj4YBdFd7BVXQsk9ZCVFUlM3Yu0TA4S5RdeGRL083+xLlrA==", "todo"=>{"todo"=>"Learn Ruby on Rails", "status"=>"0", "priority"=>"2"}, "commit"=>"Create Todo"}
  [1m[35m (0.5ms)[0m  [1m[35mBEGIN[0m
  [1m[35mSQL (0.5ms)[0m  [1m[32mINSERT INTO "todos" ("todo", "status", "priority", "created_at", "updated_at") VALUES ($1, $2, $3, $4, $5) RETURNING "id"[0m  [["todo", "Learn Ruby on Rails"], ["status", "f"], ["priority", 2], ["created_at", "2018-08-20 09:30:26.807615"], ["updated_at", "2018-08-20 09:30:26.807615"]]
  [1m[35m (1.0ms)[0m  [1m[35mCOMMIT[0m
Redirected to http://localhost:3000/todos/980190963
Completed 302 Found in 7ms (ActiveRecord: 2.0ms)


Started GET "/todos/980190963" for 127.0.0.1 at 2018-08-20 16:30:26 +0700
Processing by TodosController#show as HTML
  Parameters: {"id"=>"980190963"}
  [1m[36mTodo Load (0.5ms)[0m  [1m[34mSELECT  "todos".* FROM "todos" WHERE "todos"."id" = $1 LIMIT $2[0m  [["id", 980190963], ["LIMIT", 1]]
  Rendering todos/show.html.erb within layouts/application
  Rendered todos/show.html.erb within layouts/application (0.5ms)
Completed 200 OK in 56ms (Views: 47.7ms | ActiveRecord: 0.5ms)


Started GET "/todos" for 127.0.0.1 at 2018-08-20 16:30:28 +0700
Processing by TodosController#index as HTML
  Rendering todos/index.html.erb within layouts/application
  [1m[36mTodo Load (0.0ms)[0m  [1m[34mSELECT "todos".* FROM "todos"[0m
  Rendered todos/index.html.erb within layouts/application (3.2ms)
Completed 200 OK in 52ms (Views: 46.3ms | ActiveRecord: 0.0ms)


Started GET "/todos/980190963/edit" for 127.0.0.1 at 2018-08-20 16:32:21 +0700
Processing by TodosController#edit as HTML
  Parameters: {"id"=>"980190963"}
  [1m[36mTodo Load (0.5ms)[0m  [1m[34mSELECT  "todos".* FROM "todos" WHERE "todos"."id" = $1 LIMIT $2[0m  [["id", 980190963], ["LIMIT", 1]]
  Rendering todos/edit.html.erb within layouts/application
  Rendered todos/_form.html.erb (2.5ms)
  Rendered todos/edit.html.erb within layouts/application (10.0ms)
Completed 200 OK in 67ms (Views: 58.9ms | ActiveRecord: 0.5ms)


Started PATCH "/todos/980190963" for 127.0.0.1 at 2018-08-20 16:32:31 +0700
Processing by TodosController#update as HTML
  Parameters: {"utf8"=>"✓", "authenticity_token"=>"fzPnVW3iH+/Hl29QJEAfgIzDS/4hpntJcLW53swNolti/i6adhAu8vlueQjdE+jbr1OLQdZZzXQt0AvZvMD8lg==", "todo"=>{"todo"=>"Learn Ruby on Rails (2nd time)", "status"=>"0", "priority"=>"2"}, "commit"=>"Update Todo", "id"=>"980190963"}
  [1m[36mTodo Load (0.0ms)[0m  [1m[34mSELECT  "todos".* FROM "todos" WHERE "todos"."id" = $1 LIMIT $2[0m  [["id", 980190963], ["LIMIT", 1]]
  [1m[35m (0.0ms)[0m  [1m[35mBEGIN[0m
  [1m[35mSQL (0.5ms)[0m  [1m[33mUPDATE "todos" SET "todo" = $1, "updated_at" = $2 WHERE "todos"."id" = $3[0m  [["todo", "Learn Ruby on Rails (2nd time)"], ["updated_at", "2018-08-20 09:32:31.350072"], ["id", 980190963]]
  [1m[35m (0.5ms)[0m  [1m[35mCOMMIT[0m
Redirected to http://localhost:3000/todos/980190963
Completed 302 Found in 9ms (ActiveRecord: 1.0ms)


Started GET "/todos/980190963" for 127.0.0.1 at 2018-08-20 16:32:31 +0700
Processing by TodosController#show as HTML
  Parameters: {"id"=>"980190963"}
  [1m[36mTodo Load (0.5ms)[0m  [1m[34mSELECT  "todos".* FROM "todos" WHERE "todos"."id" = $1 LIMIT $2[0m  [["id", 980190963], ["LIMIT", 1]]
  Rendering todos/show.html.erb within layouts/application
  Rendered todos/show.html.erb within layouts/application (1.0ms)
Completed 200 OK in 56ms (Views: 46.9ms | ActiveRecord: 0.5ms)


Started GET "/todos" for 127.0.0.1 at 2018-08-20 16:33:29 +0700
Processing by TodosController#index as HTML
  Rendering todos/index.html.erb within layouts/application
  [1m[36mTodo Load (0.5ms)[0m  [1m[34mSELECT "todos".* FROM "todos"[0m
  Rendered todos/index.html.erb within layouts/application (3.5ms)
Completed 200 OK in 55ms (Views: 46.7ms | ActiveRecord: 0.5ms)


Started GET "/" for 127.0.0.1 at 2018-08-20 17:21:20 +0700
Processing by TodosController#index as HTML
  Rendering todos/index.html.erb within layouts/application
  [1m[36mTodo Load (1.0ms)[0m  [1m[34mSELECT "todos".* FROM "todos"[0m
  Rendered todos/index.html.erb within layouts/application (27.1ms)
Completed 200 OK in 112ms (Views: 92.2ms | ActiveRecord: 7.0ms)


Started GET "/" for 127.0.0.1 at 2018-08-20 17:21:21 +0700
Processing by TodosController#index as HTML
  Rendering todos/index.html.erb within layouts/application
  [1m[36mTodo Load (1.0ms)[0m  [1m[34mSELECT "todos".* FROM "todos"[0m
  Rendered todos/index.html.erb within layouts/application (5.0ms)
Completed 200 OK in 81ms (Views: 70.4ms | ActiveRecord: 1.0ms)


Started GET "/" for 127.0.0.1 at 2018-08-20 17:21:22 +0700
Processing by TodosController#index as HTML
  Rendering todos/index.html.erb within layouts/application
  [1m[36mTodo Load (0.5ms)[0m  [1m[34mSELECT "todos".* FROM "todos"[0m
  Rendered todos/index.html.erb within layouts/application (4.0ms)
Completed 200 OK in 65ms (Views: 51.3ms | ActiveRecord: 0.5ms)


Started GET "/todos/980190963/edit" for 127.0.0.1 at 2018-08-20 17:23:28 +0700
Processing by TodosController#edit as HTML
  Parameters: {"id"=>"980190963"}
  [1m[36mTodo Load (0.5ms)[0m  [1m[34mSELECT  "todos".* FROM "todos" WHERE "todos"."id" = $1 LIMIT $2[0m  [["id", 980190963], ["LIMIT", 1]]
  Rendering todos/edit.html.erb within layouts/application
  Rendered todos/_form.html.erb (3.5ms)
  Rendered todos/edit.html.erb within layouts/application (10.1ms)
Completed 200 OK in 67ms (Views: 55.8ms | ActiveRecord: 0.5ms)


Started PATCH "/todos/980190963" for 127.0.0.1 at 2018-08-20 17:23:33 +0700
Processing by TodosController#update as HTML
  Parameters: {"utf8"=>"✓", "authenticity_token"=>"00eCAqw8ZBxkfHUiYHK3k1Kj247+TIh4sKlm1u+EwXfOikvNt85VAVqFY3qZIUDIcTMbMQmzPkXtzNTRn0mfug==", "todo"=>{"todo"=>"Learn Ruby on Rails (2nd time)", "status"=>"0", "priority"=>"3"}, "commit"=>"Update Todo", "id"=>"980190963"}
  [1m[36mTodo Load (0.5ms)[0m  [1m[34mSELECT  "todos".* FROM "todos" WHERE "todos"."id" = $1 LIMIT $2[0m  [["id", 980190963], ["LIMIT", 1]]
  [1m[35m (0.0ms)[0m  [1m[35mBEGIN[0m
  [1m[35mSQL (0.5ms)[0m  [1m[33mUPDATE "todos" SET "priority" = $1, "updated_at" = $2 WHERE "todos"."id" = $3[0m  [["priority", 3], ["updated_at", "2018-08-20 10:23:33.413961"], ["id", 980190963]]
  [1m[35m (0.5ms)[0m  [1m[35mCOMMIT[0m
Redirected to http://localhost:3000/todos/980190963
Completed 302 Found in 13ms (ActiveRecord: 1.5ms)


Started GET "/todos/980190963" for 127.0.0.1 at 2018-08-20 17:23:33 +0700
Processing by TodosController#show as HTML
  Parameters: {"id"=>"980190963"}
  [1m[36mTodo Load (0.5ms)[0m  [1m[34mSELECT  "todos".* FROM "todos" WHERE "todos"."id" = $1 LIMIT $2[0m  [["id", 980190963], ["LIMIT", 1]]
  Rendering todos/show.html.erb within layouts/application
  Rendered todos/show.html.erb within layouts/application (0.5ms)
Completed 200 OK in 58ms (Views: 48.1ms | ActiveRecord: 0.5ms)


Started GET "/todos/980190963/edit" for 127.0.0.1 at 2018-08-20 17:24:13 +0700
Processing by TodosController#edit as HTML
  Parameters: {"id"=>"980190963"}
  [1m[36mTodo Load (0.5ms)[0m  [1m[34mSELECT  "todos".* FROM "todos" WHERE "todos"."id" = $1 LIMIT $2[0m  [["id", 980190963], ["LIMIT", 1]]
  Rendering todos/edit.html.erb within layouts/application
  Rendered todos/_form.html.erb (2.5ms)
  Rendered todos/edit.html.erb within layouts/application (9.5ms)
Completed 200 OK in 59ms (Views: 50.3ms | ActiveRecord: 0.5ms)


Started PATCH "/todos/980190963" for 127.0.0.1 at 2018-08-20 17:24:21 +0700
Processing by TodosController#update as HTML
  Parameters: {"utf8"=>"✓", "authenticity_token"=>"Ag7UZwVxWJNLYr/SWMWd180YCSWfq2zB1ygpY4Fvjtcfwx2oHoNpjnWbqYqhlmqM7ojJmmhU2vyKTZtk8aLQGg==", "todo"=>{"todo"=>"Learn Ruby on Rails (2nd time)", "status"=>"0", "priority"=>"3"}, "commit"=>"Update Todo", "id"=>"980190963"}
  [1m[36mTodo Load (0.0ms)[0m  [1m[34mSELECT  "todos".* FROM "todos" WHERE "todos"."id" = $1 LIMIT $2[0m  [["id", 980190963], ["LIMIT", 1]]
  [1m[35m (0.5ms)[0m  [1m[35mBEGIN[0m
  [1m[35m (0.0ms)[0m  [1m[35mCOMMIT[0m
Redirected to http://localhost:3000/todos/980190963
Completed 302 Found in 6ms (ActiveRecord: 0.5ms)


Started GET "/todos/980190963" for 127.0.0.1 at 2018-08-20 17:24:21 +0700
Processing by TodosController#show as HTML
  Parameters: {"id"=>"980190963"}
  [1m[36mTodo Load (0.5ms)[0m  [1m[34mSELECT  "todos".* FROM "todos" WHERE "todos"."id" = $1 LIMIT $2[0m  [["id", 980190963], ["LIMIT", 1]]
  Rendering todos/show.html.erb within layouts/application
  Rendered todos/show.html.erb within layouts/application (0.5ms)
Completed 200 OK in 67ms (Views: 58.1ms | ActiveRecord: 0.5ms)


Started GET "/" for 127.0.0.1 at 2018-08-20 19:05:50 +0700
  [1m[35m (26.7ms)[0m  [1m[34mSELECT "schema_migrations"."version" FROM "schema_migrations" ORDER BY "schema_migrations"."version" ASC[0m
Processing by TodosController#index as HTML
  Rendering todos/index.html.erb within layouts/application
  [1m[36mTodo Load (6.5ms)[0m  [1m[34mSELECT "todos".* FROM "todos"[0m
  Rendered todos/index.html.erb within layouts/application (27.1ms)
Completed 200 OK in 240ms (Views: 209.5ms | ActiveRecord: 17.5ms)


Started GET "/" for 127.0.0.1 at 2018-08-20 19:24:01 +0700
  [1m[35m (9.6ms)[0m  [1m[34mSELECT "schema_migrations"."version" FROM "schema_migrations" ORDER BY "schema_migrations"."version" ASC[0m
Processing by TodosController#index as HTML
  Rendering todos/index.html.erb within layouts/application
  [1m[36mTodo Load (2.0ms)[0m  [1m[34mSELECT "todos".* FROM "todos"[0m
  Rendered todos/index.html.erb within layouts/application (32.1ms)
Completed 200 OK in 34696ms (Views: 668.3ms | ActiveRecord: 8.0ms)


  [1m[35m (1.0ms)[0m  [1m[34mSELECT pg_try_advisory_lock(5790848985702910395)[0m
  [1m[35m (0.5ms)[0m  [1m[34mSELECT "schema_migrations"."version" FROM "schema_migrations" ORDER BY "schema_migrations"."version" ASC[0m
Migrating to CreateUsers (20180820122710)
  [1m[35m (0.0ms)[0m  [1m[35mBEGIN[0m
  [1m[35m (374.0ms)[0m  [1m[35mCREATE TABLE "users" ("id" bigserial primary key, "name" character varying, "address" text, "phone" character varying, "created_at" timestamp NOT NULL, "updated_at" timestamp NOT NULL)[0m
  [1m[35mSQL (2.0ms)[0m  [1m[32mINSERT INTO "schema_migrations" ("version") VALUES ($1) RETURNING "version"[0m  [["version", "20180820122710"]]
  [1m[35m (30.5ms)[0m  [1m[35mCOMMIT[0m
  [1m[36mActiveRecord::InternalMetadata Load (46.6ms)[0m  [1m[34mSELECT  "ar_internal_metadata".* FROM "ar_internal_metadata" WHERE "ar_internal_metadata"."key" = $1 LIMIT $2[0m  [["key", "environment"], ["LIMIT", 1]]
  [1m[35m (0.0ms)[0m  [1m[35mBEGIN[0m
  [1m[35m (0.5ms)[0m  [1m[35mCOMMIT[0m
  [1m[35m (0.0ms)[0m  [1m[34mSELECT pg_advisory_unlock(5790848985702910395)[0m
  [1m[35m (0.5ms)[0m  [1m[34mSELECT "schema_migrations"."version" FROM "schema_migrations" ORDER BY "schema_migrations"."version" ASC[0m
  [1m[35m (0.0ms)[0m  [1m[34mSELECT sqlite_version(*)[0m
  [1m[35m (129.7ms)[0m  [1m[35mCREATE TABLE "schema_migrations" ("version" varchar NOT NULL PRIMARY KEY)[0m
  [1m[35m (93.3ms)[0m  [1m[35mCREATE TABLE "ar_internal_metadata" ("key" varchar NOT NULL PRIMARY KEY, "value" varchar, "created_at" datetime NOT NULL, "updated_at" datetime NOT NULL)[0m
  [1m[35m (0.0ms)[0m  [1m[34mSELECT "schema_migrations"."version" FROM "schema_migrations" ORDER BY "schema_migrations"."version" ASC[0m
Migrating to CreateTodos (20180820075630)
  [1m[35m (0.0ms)[0m  [1m[36mbegin transaction[0m
  [1m[35m (1.0ms)[0m  [1m[35mCREATE TABLE "todos" ("id" INTEGER PRIMARY KEY AUTOINCREMENT NOT NULL, "todo" varchar, "status" boolean, "priority" integer, "created_at" datetime NOT NULL, "updated_at" datetime NOT NULL)[0m
  [1m[35mSQL (0.0ms)[0m  [1m[32mINSERT INTO "schema_migrations" ("version") VALUES (?)[0m  [["version", "20180820075630"]]
  [1m[35m (77.9ms)[0m  [1m[36mcommit transaction[0m
Migrating to CreateUsers (20180820122710)
  [1m[35m (0.0ms)[0m  [1m[36mbegin transaction[0m
  [1m[35m (0.5ms)[0m  [1m[35mCREATE TABLE "users" ("id" INTEGER PRIMARY KEY AUTOINCREMENT NOT NULL, "name" varchar, "address" text, "phone" varchar, "created_at" datetime NOT NULL, "updated_at" datetime NOT NULL)[0m
  [1m[35mSQL (0.0ms)[0m  [1m[32mINSERT INTO "schema_migrations" ("version") VALUES (?)[0m  [["version", "20180820122710"]]
  [1m[35m (90.9ms)[0m  [1m[36mcommit transaction[0m
  [1m[36mActiveRecord::InternalMetadata Load (0.0ms)[0m  [1m[34mSELECT  "ar_internal_metadata".* FROM "ar_internal_metadata" WHERE "ar_internal_metadata"."key" = ? LIMIT ?[0m  [["key", "environment"], ["LIMIT", 1]]
  [1m[35m (0.0ms)[0m  [1m[36mbegin transaction[0m
  [1m[35mSQL (1.0ms)[0m  [1m[32mINSERT INTO "ar_internal_metadata" ("key", "value", "created_at", "updated_at") VALUES (?, ?, ?, ?)[0m  [["key", "environment"], ["value", "development"], ["created_at", "2018-08-20 12:30:07.702016"], ["updated_at", "2018-08-20 12:30:07.702016"]]
  [1m[35m (74.0ms)[0m  [1m[36mcommit transaction[0m
  [1m[35m (0.5ms)[0m  [1m[34mSELECT "schema_migrations"."version" FROM "schema_migrations" ORDER BY "schema_migrations"."version" ASC[0m
Started GET "/" for 127.0.0.1 at 2018-08-20 19:30:58 +0700
  [1m[35m (0.5ms)[0m  [1m[34mSELECT "schema_migrations"."version" FROM "schema_migrations" ORDER BY "schema_migrations"."version" ASC[0m
Processing by TodosController#index as HTML
  Rendering todos/index.html.erb within layouts/application
  [1m[36mTodo Load (0.5ms)[0m  [1m[34mSELECT "todos".* FROM "todos"[0m
  Rendered todos/index.html.erb within layouts/application (3.0ms)
Completed 200 OK in 4379ms (Views: 291.7ms | ActiveRecord: 0.5ms)


Started GET "/users" for 127.0.0.1 at 2018-08-20 19:31:19 +0700
Processing by UsersController#index as HTML
  Rendering users/index.html.erb within layouts/application
  [1m[36mUser Load (0.0ms)[0m  [1m[34mSELECT "users".* FROM "users"[0m
  Rendered users/index.html.erb within layouts/application (2.0ms)
Completed 200 OK in 53ms (Views: 45.7ms | ActiveRecord: 0.0ms)


Started GET "/users/new" for 127.0.0.1 at 2018-08-20 19:31:21 +0700
Processing by UsersController#new as HTML
  Rendering users/new.html.erb within layouts/application
  Rendered users/_form.html.erb (30.2ms)
  Rendered users/new.html.erb within layouts/application (36.8ms)
Completed 200 OK in 108ms (Views: 97.7ms | ActiveRecord: 0.5ms)


Started POST "/users" for 127.0.0.1 at 2018-08-20 19:31:31 +0700
Processing by UsersController#create as HTML
  Parameters: {"utf8"=>"✓", "authenticity_token"=>"6EF6Y0wIu5h8NIGebgVMgpMCNdcwmGYG3vf+65GdVnLYYmYPItY5ltltARoQyYKkxNA5X04CQafYIwEEq7UN4g==", "user"=>{"name"=>"khoibv", "address"=>"hanoi", "phone"=>"01222316836"}, "commit"=>"Create User"}
  [1m[35m (0.0ms)[0m  [1m[36mbegin transaction[0m
  [1m[35mSQL (0.5ms)[0m  [1m[32mINSERT INTO "users" ("name", "address", "phone", "created_at", "updated_at") VALUES (?, ?, ?, ?, ?)[0m  [["name", "khoibv"], ["address", "hanoi"], ["phone", "01222316836"], ["created_at", "2018-08-20 12:31:31.843412"], ["updated_at", "2018-08-20 12:31:31.843412"]]
  [1m[35m (84.5ms)[0m  [1m[36mcommit transaction[0m
Redirected to http://localhost:3000/users/1
Completed 302 Found in 90ms (ActiveRecord: 85.0ms)


Started GET "/users/1" for 127.0.0.1 at 2018-08-20 19:31:31 +0700
Processing by UsersController#show as HTML
  Parameters: {"id"=>"1"}
  [1m[36mUser Load (0.0ms)[0m  [1m[34mSELECT  "users".* FROM "users" WHERE "users"."id" = ? LIMIT ?[0m  [["id", 1], ["LIMIT", 1]]
  Rendering users/show.html.erb within layouts/application
  Rendered users/show.html.erb within layouts/application (1.0ms)
Completed 200 OK in 68ms (Views: 56.4ms | ActiveRecord: 0.0ms)


Started GET "/users/1/edit" for 127.0.0.1 at 2018-08-20 19:31:33 +0700
Processing by UsersController#edit as HTML
  Parameters: {"id"=>"1"}
  [1m[36mUser Load (0.0ms)[0m  [1m[34mSELECT  "users".* FROM "users" WHERE "users"."id" = ? LIMIT ?[0m  [["id", 1], ["LIMIT", 1]]
  Rendering users/edit.html.erb within layouts/application
  Rendered users/_form.html.erb (3.0ms)
  Rendered users/edit.html.erb within layouts/application (8.0ms)
Completed 200 OK in 52ms (Views: 46.2ms | ActiveRecord: 0.0ms)


Started GET "/users" for 127.0.0.1 at 2018-08-20 19:31:34 +0700
Processing by UsersController#index as HTML
  Rendering users/index.html.erb within layouts/application
  [1m[36mUser Load (0.0ms)[0m  [1m[34mSELECT "users".* FROM "users"[0m
  Rendered users/index.html.erb within layouts/application (1.0ms)
Completed 200 OK in 47ms (Views: 41.2ms | ActiveRecord: 0.0ms)


Started GET "/users/new" for 127.0.0.1 at 2018-08-20 19:31:35 +0700
Processing by UsersController#new as HTML
  Rendering users/new.html.erb within layouts/application
  Rendered users/_form.html.erb (1.5ms)
  Rendered users/new.html.erb within layouts/application (7.5ms)
Completed 200 OK in 57ms (Views: 50.2ms | ActiveRecord: 0.0ms)


Started POST "/users" for 127.0.0.1 at 2018-08-20 19:31:48 +0700
Processing by UsersController#create as HTML
  Parameters: {"utf8"=>"✓", "authenticity_token"=>"JQEb6ceQr91uS5WykngFFrVqSXFT/H2pI+XnGknJnOkVIgeFqU4t08sSFTbstMsw4rhF+S1mWgglMRj1c+HHeQ==", "user"=>{"name"=>"nhuanbt", "address"=>"quangnam", "phone"=>"01228476305"}, "commit"=>"Create User"}
  [1m[35m (0.0ms)[0m  [1m[36mbegin transaction[0m
  [1m[35mSQL (1.0ms)[0m  [1m[32mINSERT INTO "users" ("name", "address", "phone", "created_at", "updated_at") VALUES (?, ?, ?, ?, ?)[0m  [["name", "nhuanbt"], ["address", "quangnam"], ["phone", "01228476305"], ["created_at", "2018-08-20 12:31:48.569846"], ["updated_at", "2018-08-20 12:31:48.569846"]]
  [1m[35m (99.1ms)[0m  [1m[36mcommit transaction[0m
Redirected to http://localhost:3000/users/2
Completed 302 Found in 103ms (ActiveRecord: 100.1ms)


Started GET "/users/2" for 127.0.0.1 at 2018-08-20 19:31:48 +0700
Processing by UsersController#show as HTML
  Parameters: {"id"=>"2"}
  [1m[36mUser Load (0.0ms)[0m  [1m[34mSELECT  "users".* FROM "users" WHERE "users"."id" = ? LIMIT ?[0m  [["id", 2], ["LIMIT", 1]]
  Rendering users/show.html.erb within layouts/application
  Rendered users/show.html.erb within layouts/application (0.5ms)
Completed 200 OK in 45ms (Views: 38.7ms | ActiveRecord: 0.0ms)


Started GET "/users" for 127.0.0.1 at 2018-08-20 19:31:50 +0700
Processing by UsersController#index as HTML
  Rendering users/index.html.erb within layouts/application
  [1m[36mUser Load (0.0ms)[0m  [1m[34mSELECT "users".* FROM "users"[0m
  Rendered users/index.html.erb within layouts/application (1.5ms)
Completed 200 OK in 47ms (Views: 42.1ms | ActiveRecord: 0.0ms)


Started GET "/todos" for 127.0.0.1 at 2018-08-20 19:31:55 +0700
Processing by TodosController#index as HTML
  Rendering todos/index.html.erb within layouts/application
  [1m[36mTodo Load (0.0ms)[0m  [1m[34mSELECT "todos".* FROM "todos"[0m
  Rendered todos/index.html.erb within layouts/application (1.0ms)
Completed 200 OK in 54ms (Views: 48.4ms | ActiveRecord: 0.0ms)


Started GET "/todos/new" for 127.0.0.1 at 2018-08-20 19:31:57 +0700
Processing by TodosController#new as HTML
  Rendering todos/new.html.erb within layouts/application
  Rendered todos/_form.html.erb (7.5ms)
  Rendered todos/new.html.erb within layouts/application (25.1ms)
Completed 200 OK in 74ms (Views: 63.5ms | ActiveRecord: 0.5ms)


Started POST "/todos" for 127.0.0.1 at 2018-08-20 19:32:03 +0700
Processing by TodosController#create as HTML
  Parameters: {"utf8"=>"✓", "authenticity_token"=>"Tu/ROb9yJotMxx8vvNkFK2otTQuof29kktmeP+Mn1tF/XSBXJlWzel0mbnGbd/ObibuWTH9r1gxrf1HS1hO8+w==", "todo"=>{"todo"=>"Learn English", "status"=>"0", "priority"=>"1"}, "commit"=>"Create Todo"}
  [1m[35m (0.5ms)[0m  [1m[36mbegin transaction[0m
  [1m[35mSQL (0.5ms)[0m  [1m[32mINSERT INTO "todos" ("todo", "status", "priority", "created_at", "updated_at") VALUES (?, ?, ?, ?, ?)[0m  [["todo", "Learn English"], ["status", "f"], ["priority", 1], ["created_at", "2018-08-20 12:32:03.942256"], ["updated_at", "2018-08-20 12:32:03.942256"]]
  [1m[35m (109.8ms)[0m  [1m[36mcommit transaction[0m
Redirected to http://localhost:3000/todos/1
Completed 302 Found in 114ms (ActiveRecord: 110.8ms)


Started GET "/todos/1" for 127.0.0.1 at 2018-08-20 19:32:04 +0700
Processing by TodosController#show as HTML
  Parameters: {"id"=>"1"}
  [1m[36mTodo Load (0.5ms)[0m  [1m[34mSELECT  "todos".* FROM "todos" WHERE "todos"."id" = ? LIMIT ?[0m  [["id", 1], ["LIMIT", 1]]
  Rendering todos/show.html.erb within layouts/application
  Rendered todos/show.html.erb within layouts/application (1.0ms)
Completed 200 OK in 59ms (Views: 50.9ms | ActiveRecord: 0.5ms)


Started GET "/todos" for 127.0.0.1 at 2018-08-20 19:32:05 +0700
Processing by TodosController#index as HTML
  Rendering todos/index.html.erb within layouts/application
  [1m[36mTodo Load (0.0ms)[0m  [1m[34mSELECT "todos".* FROM "todos"[0m
  Rendered todos/index.html.erb within layouts/application (1.5ms)
Completed 200 OK in 52ms (Views: 46.5ms | ActiveRecord: 0.0ms)


Started GET "/todos/new" for 127.0.0.1 at 2018-08-20 19:32:06 +0700
Processing by TodosController#new as HTML
  Rendering todos/new.html.erb within layouts/application
  Rendered todos/_form.html.erb (1.5ms)
  Rendered todos/new.html.erb within layouts/application (7.0ms)
Completed 200 OK in 54ms (Views: 47.5ms | ActiveRecord: 0.0ms)


Started POST "/todos" for 127.0.0.1 at 2018-08-20 19:32:12 +0700
Processing by TodosController#create as HTML
  Parameters: {"utf8"=>"✓", "authenticity_token"=>"Um+3YP1sRl49OJnbT/AGDnWnHcQP4dmq5KsRlm2Dwb9j3UYOZEvTryzZ6IVoXvC+ljHGg9j1YMIdDd57WLerlQ==", "todo"=>{"todo"=>"Play with son", "status"=>"0", "priority"=>"1"}, "commit"=>"Create Todo"}
  [1m[35m (0.0ms)[0m  [1m[36mbegin transaction[0m
  [1m[35mSQL (1.0ms)[0m  [1m[32mINSERT INTO "todos" ("todo", "status", "priority", "created_at", "updated_at") VALUES (?, ?, ?, ?, ?)[0m  [["todo", "Play with son"], ["status", "f"], ["priority", 1], ["created_at", "2018-08-20 12:32:12.296583"], ["updated_at", "2018-08-20 12:32:12.296583"]]
  [1m[35m (80.7ms)[0m  [1m[36mcommit transaction[0m
Redirected to http://localhost:3000/todos/2
Completed 302 Found in 84ms (ActiveRecord: 81.7ms)


Started GET "/todos/2" for 127.0.0.1 at 2018-08-20 19:32:12 +0700
Processing by TodosController#show as HTML
  Parameters: {"id"=>"2"}
  [1m[36mTodo Load (0.5ms)[0m  [1m[34mSELECT  "todos".* FROM "todos" WHERE "todos"."id" = ? LIMIT ?[0m  [["id", 2], ["LIMIT", 1]]
  Rendering todos/show.html.erb within layouts/application
  Rendered todos/show.html.erb within layouts/application (0.5ms)
Completed 200 OK in 45ms (Views: 39.6ms | ActiveRecord: 0.5ms)


Started GET "/todos" for 127.0.0.1 at 2018-08-20 19:32:13 +0700
Processing by TodosController#index as HTML
  Rendering todos/index.html.erb within layouts/application
  [1m[36mTodo Load (0.0ms)[0m  [1m[34mSELECT "todos".* FROM "todos"[0m
  Rendered todos/index.html.erb within layouts/application (1.5ms)
Completed 200 OK in 52ms (Views: 46.3ms | ActiveRecord: 0.0ms)


Started GET "/todos/new" for 127.0.0.1 at 2018-08-20 19:36:45 +0700
Processing by TodosController#new as HTML
  Rendering todos/new.html.erb within layouts/application
  Rendered todos/_form.html.erb (2.0ms)
  Rendered todos/new.html.erb within layouts/application (8.0ms)
Completed 200 OK in 67ms (Views: 51.7ms | ActiveRecord: 0.5ms)


Started POST "/todos" for 127.0.0.1 at 2018-08-20 19:36:47 +0700
Processing by TodosController#create as HTML
  Parameters: {"utf8"=>"✓", "authenticity_token"=>"T6T2lBFiWp04a+uN7nJRmXh2JS6hP9hwmkmIR3D37AZ+Fgf6iEXPbCmKmtPJ3Kcpm+D+aXYrYRhj70eqRcOGLA==", "todo"=>{"todo"=>"", "status"=>"0", "priority"=>""}, "commit"=>"Create Todo"}
  [1m[35m (0.0ms)[0m  [1m[36mbegin transaction[0m
  [1m[35mSQL (0.5ms)[0m  [1m[32mINSERT INTO "todos" ("todo", "status", "created_at", "updated_at") VALUES (?, ?, ?, ?)[0m  [["todo", ""], ["status", "f"], ["created_at", "2018-08-20 12:36:47.255093"], ["updated_at", "2018-08-20 12:36:47.255093"]]
  [1m[35m (125.0ms)[0m  [1m[36mcommit transaction[0m
Redirected to http://localhost:3000/todos/3
Completed 302 Found in 129ms (ActiveRecord: 125.5ms)


Started GET "/todos/3" for 127.0.0.1 at 2018-08-20 19:36:47 +0700
Processing by TodosController#show as HTML
  Parameters: {"id"=>"3"}
  [1m[36mTodo Load (0.0ms)[0m  [1m[34mSELECT  "todos".* FROM "todos" WHERE "todos"."id" = ? LIMIT ?[0m  [["id", 3], ["LIMIT", 1]]
  Rendering todos/show.html.erb within layouts/application
  Rendered todos/show.html.erb within layouts/application (0.5ms)
Completed 200 OK in 54ms (Views: 47.9ms | ActiveRecord: 0.0ms)


Started GET "/todos" for 127.0.0.1 at 2018-08-20 19:36:50 +0700
Processing by TodosController#index as HTML
  Rendering todos/index.html.erb within layouts/application
  [1m[36mTodo Load (0.5ms)[0m  [1m[34mSELECT "todos".* FROM "todos"[0m
  Rendered todos/index.html.erb within layouts/application (1.5ms)
Completed 200 OK in 50ms (Views: 40.8ms | ActiveRecord: 0.5ms)


Started DELETE "/todos/3" for 127.0.0.1 at 2018-08-20 19:36:57 +0700
Processing by TodosController#destroy as HTML
  Parameters: {"authenticity_token"=>"M436Ltl21Z0o7OI5vNcnZnYfiNj0I31+thzLD6hbH/3cErQf/qoIfK8/Cm5EDKw9POERNYDM6P/Ted68yWYzhg==", "id"=>"3"}
  [1m[36mTodo Load (0.0ms)[0m  [1m[34mSELECT  "todos".* FROM "todos" WHERE "todos"."id" = ? LIMIT ?[0m  [["id", 3], ["LIMIT", 1]]
  [1m[35m (0.0ms)[0m  [1m[36mbegin transaction[0m
  [1m[35mSQL (0.5ms)[0m  [1m[31mDELETE FROM "todos" WHERE "todos"."id" = ?[0m  [["id", 3]]
  [1m[35m (98.4ms)[0m  [1m[36mcommit transaction[0m
Redirected to http://localhost:3000/todos
Completed 302 Found in 102ms (ActiveRecord: 98.8ms)


Started GET "/todos" for 127.0.0.1 at 2018-08-20 19:36:57 +0700
Processing by TodosController#index as HTML
  Rendering todos/index.html.erb within layouts/application
  [1m[36mTodo Load (0.5ms)[0m  [1m[34mSELECT "todos".* FROM "todos"[0m
  Rendered todos/index.html.erb within layouts/application (2.0ms)
Completed 200 OK in 54ms (Views: 47.3ms | ActiveRecord: 0.5ms)


Started GET "/todos" for 127.0.0.1 at 2018-08-20 19:37:28 +0700
  [1m[35m (0.5ms)[0m  [1m[34mSELECT "schema_migrations"."version" FROM "schema_migrations" ORDER BY "schema_migrations"."version" ASC[0m
Processing by TodosController#index as HTML
  Rendering todos/index.html.erb within layouts/application
  [1m[36mTodo Load (0.0ms)[0m  [1m[34mSELECT "todos".* FROM "todos"[0m
  Rendered todos/index.html.erb within layouts/application (9.0ms)
Completed 200 OK in 226ms (Views: 211.8ms | ActiveRecord: 0.5ms)


Started GET "/todos/new" for 127.0.0.1 at 2018-08-20 19:37:54 +0700
Processing by TodosController#new as HTML
  Rendering todos/new.html.erb within layouts/application
  Rendered todos/_form.html.erb (13.0ms)
  Rendered todos/new.html.erb within layouts/application (19.1ms)
Completed 200 OK in 68ms (Views: 62.2ms | ActiveRecord: 0.0ms)


Started POST "/todos" for 127.0.0.1 at 2018-08-20 19:37:55 +0700
Processing by TodosController#create as HTML
  Parameters: {"utf8"=>"✓", "authenticity_token"=>"K0avw+tSBPb93/6P4SHk1atADPkyJOFYjmlt9wFVr7ca9F6tcnWRB+w+j9HGjxJlSNbXvuUwWDB3z6IaNGHFnQ==", "todo"=>{"todo"=>"", "status"=>"0", "priority"=>""}, "commit"=>"Create Todo"}
  [1m[35m (0.0ms)[0m  [1m[36mbegin transaction[0m
  [1m[35mSQL (1.0ms)[0m  [1m[32mINSERT INTO "todos" ("todo", "status", "created_at", "updated_at") VALUES (?, ?, ?, ?)[0m  [["todo", ""], ["status", "f"], ["created_at", "2018-08-20 12:37:55.502718"], ["updated_at", "2018-08-20 12:37:55.502718"]]
  [1m[35m (100.9ms)[0m  [1m[36mcommit transaction[0m
Redirected to http://localhost:3000/todos/4
Completed 302 Found in 106ms (ActiveRecord: 102.4ms)


Started GET "/todos/4" for 127.0.0.1 at 2018-08-20 19:37:55 +0700
Processing by TodosController#show as HTML
  Parameters: {"id"=>"4"}
  [1m[36mTodo Load (0.0ms)[0m  [1m[34mSELECT  "todos".* FROM "todos" WHERE "todos"."id" = ? LIMIT ?[0m  [["id", 4], ["LIMIT", 1]]
  Rendering todos/show.html.erb within layouts/application
  Rendered todos/show.html.erb within layouts/application (1.0ms)
Completed 200 OK in 51ms (Views: 41.8ms | ActiveRecord: 0.0ms)


Started GET "/todos" for 127.0.0.1 at 2018-08-20 19:37:57 +0700
Processing by TodosController#index as HTML
  Rendering todos/index.html.erb within layouts/application
  [1m[36mTodo Load (0.0ms)[0m  [1m[34mSELECT "todos".* FROM "todos"[0m
  Rendered todos/index.html.erb within layouts/application (1.5ms)
Completed 200 OK in 48ms (Views: 42.9ms | ActiveRecord: 0.0ms)


Started GET "/users" for 127.0.0.1 at 2018-08-20 19:41:43 +0700
Processing by UsersController#index as HTML
  Rendering users/index.html.erb within layouts/application
  [1m[36mUser Load (0.0ms)[0m  [1m[34mSELECT "users".* FROM "users"[0m
  Rendered users/index.html.erb within layouts/application (21.6ms)
Completed 200 OK in 133ms (Views: 120.9ms | ActiveRecord: 3.0ms)


Started GET "/users/new" for 127.0.0.1 at 2018-08-20 19:41:53 +0700
Processing by UsersController#new as HTML
  Rendering users/new.html.erb within layouts/application
  Rendered users/_form.html.erb (11.0ms)
  Rendered users/new.html.erb within layouts/application (17.5ms)
Completed 200 OK in 126ms (Views: 118.8ms | ActiveRecord: 0.0ms)


Started GET "/users" for 127.0.0.1 at 2018-08-20 19:41:56 +0700
Processing by UsersController#index as HTML
  Rendering users/index.html.erb within layouts/application
  [1m[36mUser Load (0.5ms)[0m  [1m[34mSELECT "users".* FROM "users"[0m
  Rendered users/index.html.erb within layouts/application (5.0ms)
Completed 200 OK in 115ms (Views: 106.9ms | ActiveRecord: 0.5ms)


Started GET "/users/1/edit" for 127.0.0.1 at 2018-08-20 19:41:57 +0700
Processing by UsersController#edit as HTML
  Parameters: {"id"=>"1"}
  [1m[36mUser Load (0.5ms)[0m  [1m[34mSELECT  "users".* FROM "users" WHERE "users"."id" = ? LIMIT ?[0m  [["id", 1], ["LIMIT", 1]]
Started GET "/users/1/edit" for 127.0.0.1 at 2018-08-20 19:54:49 +0700
Processing by UsersController#edit as HTML
  Parameters: {"id"=>"1"}
  Rendering users/edit.html.erb within layouts/application
  [1m[36mUser Load (0.5ms)[0m  [1m[34mSELECT  "users".* FROM "users" WHERE "users"."id" = ? LIMIT ?[0m  [["id", 1], ["LIMIT", 1]]
  Rendered users/_form.html.erb (1434.3ms)
  Rendered users/edit.html.erb within layouts/application (14371.6ms)
  Rendering users/edit.html.erb within layouts/application
  Rendered users/_form.html.erb (6.6ms)
  Rendered users/edit.html.erb within layouts/application (19.6ms)
Completed 200 OK in 789220ms (Views: 18078.1ms | ActiveRecord: 0.5ms)


Completed 200 OK in 18087ms (Views: 206.0ms | ActiveRecord: 1.0ms)


Started GET "/users" for 127.0.0.1 at 2018-08-20 19:55:45 +0700
Processing by UsersController#index as HTML
  Rendering users/index.html.erb within layouts/application
  [1m[36mUser Load (0.5ms)[0m  [1m[34mSELECT "users".* FROM "users"[0m
  Rendered users/index.html.erb within layouts/application (4.5ms)
Completed 200 OK in 107ms (Views: 98.4ms | ActiveRecord: 0.5ms)


Started GET "/users/new" for 127.0.0.1 at 2018-08-20 19:55:47 +0700
Processing by UsersController#new as HTML
  Rendering users/new.html.erb within layouts/application
  Rendered users/_form.html.erb (9.1ms)
  Rendered users/new.html.erb within layouts/application (16.5ms)
Completed 200 OK in 134ms (Views: 126.0ms | ActiveRecord: 0.0ms)


Started POST "/users" for 127.0.0.1 at 2018-08-20 19:55:48 +0700
Processing by UsersController#create as HTML
  Parameters: {"utf8"=>"✓", "authenticity_token"=>"iFHHvEQ3+mJsBwHIiISVhkrcPIoFTFPAfY8xlb2l8Ha4ctvQKul4bMlegUz2SFugHQ4wAnvWdGF7W856h42r5g==", "user"=>{"name"=>"", "address"=>"", "phone"=>""}, "commit"=>"Create User"}
  [1m[35m (0.0ms)[0m  [1m[36mbegin transaction[0m
  [1m[35mSQL (1.0ms)[0m  [1m[32mINSERT INTO "users" ("name", "address", "phone", "created_at", "updated_at") VALUES (?, ?, ?, ?, ?)[0m  [["name", ""], ["address", ""], ["phone", ""], ["created_at", "2018-08-20 12:56:03.281423"], ["updated_at", "2018-08-20 12:56:03.281423"]]
  [1m[35m (76.9ms)[0m  [1m[36mcommit transaction[0m
Redirected to http://localhost:3000/users/3
Completed 302 Found in 14596ms (ActiveRecord: 77.9ms)


Started GET "/users/3" for 127.0.0.1 at 2018-08-20 19:56:03 +0700
Processing by UsersController#show as HTML
  Parameters: {"id"=>"3"}
  [1m[36mUser Load (0.0ms)[0m  [1m[34mSELECT  "users".* FROM "users" WHERE "users"."id" = ? LIMIT ?[0m  [["id", 3], ["LIMIT", 1]]
  Rendering users/show.html.erb within layouts/application
  Rendered users/show.html.erb within layouts/application (1.5ms)
Completed 200 OK in 981ms (Views: 107.8ms | ActiveRecord: 0.0ms)


Started GET "/users" for 127.0.0.1 at 2018-08-20 19:56:11 +0700
Processing by UsersController#index as HTML
  Rendering users/index.html.erb within layouts/application
  [1m[36mUser Load (0.0ms)[0m  [1m[34mSELECT "users".* FROM "users"[0m
  Rendered users/index.html.erb within layouts/application (7.0ms)
Completed 200 OK in 122ms (Views: 112.5ms | ActiveRecord: 0.0ms)


Started DELETE "/users/3" for 127.0.0.1 at 2018-08-20 19:56:14 +0700
Processing by UsersController#destroy as HTML
  Parameters: {"authenticity_token"=>"i6TUserZuwIiN3djshdq44isF8M5q7YVd7mNYZKQluJkO5qAzQVm46XknzRKzOG4wlKOLk1EI5QS3JjS8626mQ==", "id"=>"3"}
  [1m[36mUser Load (0.5ms)[0m  [1m[34mSELECT  "users".* FROM "users" WHERE "users"."id" = ? LIMIT ?[0m  [["id", 3], ["LIMIT", 1]]
  [1m[35m (0.5ms)[0m  [1m[36mbegin transaction[0m
  [1m[35mSQL (0.5ms)[0m  [1m[31mDELETE FROM "users" WHERE "users"."id" = ?[0m  [["id", 3]]
  [1m[35m (94.6ms)[0m  [1m[36mcommit transaction[0m
Redirected to http://localhost:3000/users
Completed 302 Found in 117ms (ActiveRecord: 96.1ms)


Started GET "/users" for 127.0.0.1 at 2018-08-20 19:56:14 +0700
Processing by UsersController#index as HTML
  Rendering users/index.html.erb within layouts/application
  [1m[36mUser Load (0.5ms)[0m  [1m[34mSELECT "users".* FROM "users"[0m
  Rendered users/index.html.erb within layouts/application (6.5ms)
Completed 200 OK in 113ms (Views: 105.1ms | ActiveRecord: 0.5ms)


Started GET "/users/2/edit" for 127.0.0.1 at 2018-08-20 19:56:22 +0700
Processing by UsersController#edit as HTML
  Parameters: {"id"=>"2"}
  [1m[36mUser Load (0.0ms)[0m  [1m[34mSELECT  "users".* FROM "users" WHERE "users"."id" = ? LIMIT ?[0m  [["id", 2], ["LIMIT", 1]]
  Rendering users/edit.html.erb within layouts/application
  Rendered users/_form.html.erb (7.0ms)
  Rendered users/edit.html.erb within layouts/application (13.5ms)
Completed 200 OK in 120ms (Views: 111.6ms | ActiveRecord: 0.0ms)


Started GET "/users" for 127.0.0.1 at 2018-08-20 19:56:24 +0700
Processing by UsersController#index as HTML
  Rendering users/index.html.erb within layouts/application
  [1m[36mUser Load (0.5ms)[0m  [1m[34mSELECT "users".* FROM "users"[0m
  Rendered users/index.html.erb within layouts/application (5.0ms)
Completed 200 OK in 109ms (Views: 101.1ms | ActiveRecord: 0.5ms)


Started GET "/users/2" for 127.0.0.1 at 2018-08-20 19:56:25 +0700
Processing by UsersController#show as HTML
  Parameters: {"id"=>"2"}
  [1m[36mUser Load (0.0ms)[0m  [1m[34mSELECT  "users".* FROM "users" WHERE "users"."id" = ? LIMIT ?[0m  [["id", 2], ["LIMIT", 1]]
  Rendering users/show.html.erb within layouts/application
  Rendered users/show.html.erb within layouts/application (1.5ms)
Completed 200 OK in 112ms (Views: 102.0ms | ActiveRecord: 0.0ms)


Started GET "/users" for 127.0.0.1 at 2018-08-20 19:56:26 +0700
Processing by UsersController#index as HTML
  Rendering users/index.html.erb within layouts/application
  [1m[36mUser Load (0.0ms)[0m  [1m[34mSELECT "users".* FROM "users"[0m
  Rendered users/index.html.erb within layouts/application (5.0ms)
Completed 200 OK in 112ms (Views: 102.8ms | ActiveRecord: 0.0ms)


Started GET "/users/new" for 127.0.0.1 at 2018-08-20 20:02:54 +0700
Processing by UsersController#new as HTML
  Rendering users/new.html.erb within layouts/application
  Rendered users/_form.html.erb (7.0ms)
  Rendered users/new.html.erb within layouts/application (13.5ms)
Completed 200 OK in 117ms (Views: 110.1ms | ActiveRecord: 0.0ms)


Started POST "/users" for 127.0.0.1 at 2018-08-20 20:02:55 +0700
Processing by UsersController#create as HTML
  Parameters: {"utf8"=>"✓", "authenticity_token"=>"oseyNoaKUI1X8L5zfRh4/9ky3tj3WavmcnR1A1h1E0KS5K5a6FTSg/KpPvcD1LbZjuDSUInDjEd0oIrsYl1I0g==", "user"=>{"name"=>"", "address"=>"", "phone"=>""}, "commit"=>"Create User"}
  [1m[35m (0.0ms)[0m  [1m[36mbegin transaction[0m
  [1m[35mSQL (1.0ms)[0m  [1m[32mINSERT INTO "users" ("name", "address", "phone", "created_at", "updated_at") VALUES (?, ?, ?, ?, ?)[0m  [["name", ""], ["address", ""], ["phone", ""], ["created_at", "2018-08-20 13:02:58.669804"], ["updated_at", "2018-08-20 13:02:58.669804"]]
  [1m[35m (81.0ms)[0m  [1m[36mcommit transaction[0m
Redirected to http://localhost:3000/users/4
Completed 302 Found in 3367ms (ActiveRecord: 82.0ms)


Started GET "/users/4" for 127.0.0.1 at 2018-08-20 20:02:58 +0700
Processing by UsersController#show as HTML
  Parameters: {"id"=>"4"}
  [1m[36mUser Load (0.5ms)[0m  [1m[34mSELECT  "users".* FROM "users" WHERE "users"."id" = ? LIMIT ?[0m  [["id", 4], ["LIMIT", 1]]
  Rendering users/show.html.erb within layouts/application
  Rendered users/show.html.erb within layouts/application (2.0ms)
Completed 200 OK in 123ms (Views: 114.0ms | ActiveRecord: 0.5ms)


Started GET "/users/4/edit" for 127.0.0.1 at 2018-08-20 20:03:01 +0700
Processing by UsersController#edit as HTML
  Parameters: {"id"=>"4"}
  [1m[36mUser Load (0.5ms)[0m  [1m[34mSELECT  "users".* FROM "users" WHERE "users"."id" = ? LIMIT ?[0m  [["id", 4], ["LIMIT", 1]]
  Rendering users/edit.html.erb within layouts/application
  Rendered users/_form.html.erb (7.0ms)
  Rendered users/edit.html.erb within layouts/application (15.1ms)
Completed 200 OK in 122ms (Views: 114.1ms | ActiveRecord: 0.5ms)


Started PATCH "/users/4" for 127.0.0.1 at 2018-08-20 20:03:06 +0700
Processing by UsersController#update as HTML
  Parameters: {"utf8"=>"✓", "authenticity_token"=>"CjqY0mB7ymPrcefJvsWsv10b9/fO/auZXMsUxg4xyHRc2YcRwsHnFML3Edj5n0XTMUB9dapzH2QG0w672AcOew==", "user"=>{"name"=>"aaa", "address"=>"", "phone"=>""}, "commit"=>"Update User", "id"=>"4"}
  [1m[36mUser Load (0.0ms)[0m  [1m[34mSELECT  "users".* FROM "users" WHERE "users"."id" = ? LIMIT ?[0m  [["id", 4], ["LIMIT", 1]]
  [1m[35m (0.0ms)[0m  [1m[36mbegin transaction[0m
  [1m[35mSQL (1.0ms)[0m  [1m[33mUPDATE "users" SET "name" = ?, "updated_at" = ? WHERE "users"."id" = ?[0m  [["name", "aaa"], ["updated_at", "2018-08-20 13:03:29.863422"], ["id", 4]]
  [1m[35m (111.7ms)[0m  [1m[36mcommit transaction[0m
Redirected to http://localhost:3000/users/4
Completed 302 Found in 39506ms (ActiveRecord: 112.7ms)


Started GET "/users/4" for 127.0.0.1 at 2018-08-20 20:03:45 +0700
Processing by UsersController#show as HTML
  Parameters: {"id"=>"4"}
  [1m[36mUser Load (0.0ms)[0m  [1m[34mSELECT  "users".* FROM "users" WHERE "users"."id" = ? LIMIT ?[0m  [["id", 4], ["LIMIT", 1]]
  Rendering users/show.html.erb within layouts/application
  Rendered users/show.html.erb within layouts/application (1.5ms)
Completed 200 OK in 108ms (Views: 99.5ms | ActiveRecord: 0.0ms)


Started GET "/users" for 127.0.0.1 at 2018-08-20 20:03:53 +0700
Processing by UsersController#index as HTML
  Rendering users/index.html.erb within layouts/application
  [1m[36mUser Load (0.0ms)[0m  [1m[34mSELECT "users".* FROM "users"[0m
  Rendered users/index.html.erb within layouts/application (7.0ms)
Completed 200 OK in 112ms (Views: 104.6ms | ActiveRecord: 0.0ms)


